0 verbose cli /usr/local/bin/node /usr/local/bin/npm
1 info using npm@11.13.0
2 info using node@v24.16.0
3 silly config load:file:/usr/local/lib/node_modules/npm/npmrc
4 silly config load:file:/Users/zach/Documents/GitHub/clutch-qr-system/.npmrc
5 silly config load:file:/Users/zach/.npmrc
6 silly config load:file:/usr/local/etc/npmrc
7 verbose title npm install recharts react-simple-maps d3-scale
8 verbose argv "install" "recharts" "react-simple-maps" "d3-scale" "--save" "--legacy-peer-deps"
9 verbose logfile logs-max:10 dir:/Users/zach/Documents/GitHub/clutch-qr-system/.npm-tmp-cache/_logs/2026-06-24T02_23_26_781Z-
10 verbose logfile /Users/zach/Documents/GitHub/clutch-qr-system/.npm-tmp-cache/_logs/2026-06-24T02_23_26_781Z-debug-0.log
11 silly logfile done cleaning log files
12 silly packumentCache heap:4496293888 maxSize:1124073472 maxEntrySize:562036736
13 verbose shrinkwrap failed to load node_modules/.package-lock.json out of date, updated: node_modules
14 silly idealTree buildDeps
15 silly fetch manifest recharts@*
16 silly packumentCache full:https://registry.npmjs.org/recharts cache-miss
17 http fetch GET 200 https://registry.npmjs.org/recharts 186ms (cache miss)
18 silly packumentCache full:https://registry.npmjs.org/recharts set size:undefined disposed:false
19 silly fetch manifest react-simple-maps@*
20 silly packumentCache full:https://registry.npmjs.org/react-simple-maps cache-miss
21 http fetch GET 200 https://registry.npmjs.org/react-simple-maps 119ms (cache miss)
22 silly packumentCache full:https://registry.npmjs.org/react-simple-maps set size:undefined disposed:false
23 silly fetch manifest d3-scale@*
24 silly packumentCache full:https://registry.npmjs.org/d3-scale cache-miss
25 http fetch GET 200 https://registry.npmjs.org/d3-scale 53ms (cache miss)
26 silly packumentCache full:https://registry.npmjs.org/d3-scale set size:undefined disposed:false
27 silly placeDep ROOT d3-scale@4.0.2 OK for: clutch-qr-portal@2.0.0 want: *
28 silly placeDep ROOT react-simple-maps@3.0.0 OK for: clutch-qr-portal@2.0.0 want: *
29 silly placeDep ROOT recharts@3.9.0 OK for: clutch-qr-portal@2.0.0 want: *
30 silly fetch manifest d3-array@2.10.0 - 3
31 silly packumentCache full:https://registry.npmjs.org/d3-array cache-miss
32 silly fetch manifest d3-format@1 - 3
33 silly packumentCache full:https://registry.npmjs.org/d3-format cache-miss
34 silly fetch manifest d3-interpolate@1.2.0 - 3
35 silly packumentCache full:https://registry.npmjs.org/d3-interpolate cache-miss
36 silly fetch manifest d3-time@2.1.1 - 3
37 silly packumentCache full:https://registry.npmjs.org/d3-time cache-miss
38 silly fetch manifest d3-time-format@2 - 4
39 silly packumentCache full:https://registry.npmjs.org/d3-time-format cache-miss
40 silly fetch manifest d3-geo@^2.0.2
41 silly packumentCache full:https://registry.npmjs.org/d3-geo cache-miss
42 silly fetch manifest d3-selection@^2.0.0
43 silly packumentCache full:https://registry.npmjs.org/d3-selection cache-miss
44 silly fetch manifest d3-zoom@^2.0.0
45 silly packumentCache full:https://registry.npmjs.org/d3-zoom cache-miss
46 silly fetch manifest topojson-client@^3.1.0
47 silly packumentCache full:https://registry.npmjs.org/topojson-client cache-miss
48 http fetch GET 200 https://registry.npmjs.org/d3-array 55ms (cache miss)
49 silly packumentCache full:https://registry.npmjs.org/d3-array set size:undefined disposed:false
50 silly fetch manifest @reduxjs/toolkit@^1.9.0 || 2.x.x
51 silly packumentCache full:https://registry.npmjs.org/@reduxjs%2ftoolkit cache-miss
52 http fetch GET 200 https://registry.npmjs.org/d3-format 102ms (cache miss)
53 silly packumentCache full:https://registry.npmjs.org/d3-format set size:undefined disposed:false
54 silly fetch manifest clsx@^2.1.1
55 silly packumentCache full:https://registry.npmjs.org/clsx cache-miss
56 http fetch GET 200 https://registry.npmjs.org/topojson-client 115ms (cache miss)
57 silly packumentCache full:https://registry.npmjs.org/topojson-client set size:undefined disposed:false
58 silly fetch manifest decimal.js-light@^2.5.1
59 silly packumentCache full:https://registry.npmjs.org/decimal.js-light cache-miss
60 http fetch GET 200 https://registry.npmjs.org/@reduxjs%2ftoolkit 66ms (cache miss)
61 silly packumentCache full:https://registry.npmjs.org/@reduxjs%2ftoolkit set size:undefined disposed:false
62 silly fetch manifest es-toolkit@^1.39.3
63 silly packumentCache full:https://registry.npmjs.org/es-toolkit cache-miss
64 http fetch GET 200 https://registry.npmjs.org/clsx 40ms (cache miss)
65 silly packumentCache full:https://registry.npmjs.org/clsx set size:undefined disposed:false
66 silly fetch manifest eventemitter3@^5.0.1
67 silly packumentCache full:https://registry.npmjs.org/eventemitter3 cache-miss
68 http fetch GET 200 https://registry.npmjs.org/decimal.js-light 37ms (cache miss)
69 silly packumentCache full:https://registry.npmjs.org/decimal.js-light set size:undefined disposed:false
70 silly fetch manifest immer@^10.1.1
71 silly packumentCache full:https://registry.npmjs.org/immer cache-miss
72 http fetch GET 200 https://registry.npmjs.org/d3-selection 154ms (cache miss)
73 silly packumentCache full:https://registry.npmjs.org/d3-selection set size:undefined disposed:false
74 silly fetch manifest react-redux@8.x.x || 9.x.x
75 silly packumentCache full:https://registry.npmjs.org/react-redux cache-miss
76 http fetch GET 200 https://registry.npmjs.org/d3-geo 162ms (cache miss)
77 silly packumentCache full:https://registry.npmjs.org/d3-geo set size:undefined disposed:false
78 silly fetch manifest reselect@5.2.0
79 silly packumentCache full:https://registry.npmjs.org/reselect cache-miss
80 http fetch GET 200 https://registry.npmjs.org/d3-time 183ms (cache miss)
81 silly packumentCache full:https://registry.npmjs.org/d3-time set size:undefined disposed:false
82 silly fetch manifest tiny-invariant@^1.3.3
83 silly packumentCache full:https://registry.npmjs.org/tiny-invariant cache-miss
84 http fetch GET 200 https://registry.npmjs.org/eventemitter3 41ms (cache miss)
85 silly packumentCache full:https://registry.npmjs.org/eventemitter3 set size:undefined disposed:false
86 silly fetch manifest use-sync-external-store@^1.2.2
87 silly packumentCache full:https://registry.npmjs.org/use-sync-external-store cache-miss
88 http fetch GET 200 https://registry.npmjs.org/d3-zoom 193ms (cache miss)
89 silly packumentCache full:https://registry.npmjs.org/d3-zoom set size:undefined disposed:false
90 silly fetch manifest victory-vendor@^37.0.2
91 silly packumentCache full:https://registry.npmjs.org/victory-vendor cache-miss
92 http fetch GET 200 https://registry.npmjs.org/d3-time-format 204ms (cache miss)
93 silly packumentCache full:https://registry.npmjs.org/d3-time-format set size:undefined disposed:false
94 http fetch GET 200 https://registry.npmjs.org/d3-interpolate 205ms (cache miss)
95 silly packumentCache full:https://registry.npmjs.org/d3-interpolate set size:undefined disposed:false
96 http fetch GET 200 https://registry.npmjs.org/reselect 45ms (cache miss)
97 silly packumentCache full:https://registry.npmjs.org/reselect set size:undefined disposed:false
98 http fetch GET 200 https://registry.npmjs.org/immer 56ms (cache miss)
99 silly packumentCache full:https://registry.npmjs.org/immer set size:undefined disposed:false
100 http fetch GET 200 https://registry.npmjs.org/react-redux 63ms (cache miss)
101 silly packumentCache full:https://registry.npmjs.org/react-redux set size:undefined disposed:false
102 http fetch GET 200 https://registry.npmjs.org/tiny-invariant 43ms (cache miss)
103 silly packumentCache full:https://registry.npmjs.org/tiny-invariant set size:undefined disposed:false
104 http fetch GET 200 https://registry.npmjs.org/es-toolkit 134ms (cache miss)
105 silly packumentCache full:https://registry.npmjs.org/es-toolkit set size:undefined disposed:false
106 http fetch GET 200 https://registry.npmjs.org/victory-vendor 111ms (cache miss)
107 silly packumentCache full:https://registry.npmjs.org/victory-vendor set size:undefined disposed:false
108 http fetch GET 200 https://registry.npmjs.org/use-sync-external-store 169ms (cache miss)
109 silly packumentCache full:https://registry.npmjs.org/use-sync-external-store set size:undefined disposed:false
110 silly placeDep ROOT d3-array@3.2.4 OK for: d3-scale@4.0.2 want: 2.10.0 - 3
111 silly placeDep ROOT d3-format@3.1.2 OK for: d3-scale@4.0.2 want: 1 - 3
112 silly placeDep ROOT d3-interpolate@3.0.1 OK for: d3-scale@4.0.2 want: 1.2.0 - 3
113 silly placeDep ROOT d3-time@3.1.0 OK for: d3-scale@4.0.2 want: 2.1.1 - 3
114 silly placeDep ROOT d3-time-format@4.1.0 OK for: d3-scale@4.0.2 want: 2 - 4
115 silly fetch manifest internmap@1 - 2
116 silly packumentCache full:https://registry.npmjs.org/internmap cache-miss
117 silly fetch manifest d3-color@1 - 3
118 silly packumentCache full:https://registry.npmjs.org/d3-color cache-miss
119 http fetch GET 200 https://registry.npmjs.org/internmap 113ms (cache miss)
120 silly packumentCache full:https://registry.npmjs.org/internmap set size:undefined disposed:false
121 http fetch GET 200 https://registry.npmjs.org/d3-color 113ms (cache miss)
122 silly packumentCache full:https://registry.npmjs.org/d3-color set size:undefined disposed:false
123 silly placeDep ROOT internmap@2.0.3 OK for: d3-array@3.2.4 want: 1 - 2
124 silly placeDep ROOT d3-color@3.1.0 OK for: d3-interpolate@3.0.1 want: 1 - 3
125 silly placeDep ROOT d3-geo@2.0.2 OK for: react-simple-maps@3.0.0 want: ^2.0.2
126 silly placeDep ROOT d3-selection@2.0.0 OK for: react-simple-maps@3.0.0 want: ^2.0.0
127 silly placeDep ROOT d3-zoom@2.0.0 OK for: react-simple-maps@3.0.0 want: ^2.0.0
128 silly placeDep ROOT topojson-client@3.1.0 OK for: react-simple-maps@3.0.0 want: ^3.1.0
129 silly fetch manifest d3-array@^2.5.0
130 silly packumentCache full:https://registry.npmjs.org/d3-array cache-miss
131 silly fetch manifest d3-dispatch@1 - 2
132 silly packumentCache full:https://registry.npmjs.org/d3-dispatch cache-miss
133 silly fetch manifest d3-drag@2
134 silly packumentCache full:https://registry.npmjs.org/d3-drag cache-miss
135 silly fetch manifest d3-interpolate@1 - 2
136 silly packumentCache full:https://registry.npmjs.org/d3-interpolate cache-miss
137 silly fetch manifest d3-transition@2
138 silly packumentCache full:https://registry.npmjs.org/d3-transition cache-miss
139 silly fetch manifest commander@2
140 silly packumentCache full:https://registry.npmjs.org/commander cache-miss
141 http cache https://registry.npmjs.org/d3-array 3ms (cache hit)
142 silly packumentCache full:https://registry.npmjs.org/d3-array set size:246308 disposed:false
143 http cache https://registry.npmjs.org/d3-interpolate 4ms (cache hit)
144 silly packumentCache full:https://registry.npmjs.org/d3-interpolate set size:162337 disposed:false
145 http fetch GET 200 https://registry.npmjs.org/d3-dispatch 38ms (cache miss)
146 silly packumentCache full:https://registry.npmjs.org/d3-dispatch set size:undefined disposed:false
147 http fetch GET 200 https://registry.npmjs.org/d3-drag 40ms (cache miss)
148 silly packumentCache full:https://registry.npmjs.org/d3-drag set size:undefined disposed:false
149 http fetch GET 200 https://registry.npmjs.org/commander 53ms (cache miss)
150 silly packumentCache full:https://registry.npmjs.org/commander set size:undefined disposed:false
151 http fetch GET 200 https://registry.npmjs.org/d3-transition 64ms (cache miss)
152 silly packumentCache full:https://registry.npmjs.org/d3-transition set size:undefined disposed:false
153 silly placeDep node_modules/d3-geo d3-array@2.12.1 OK for: d3-geo@2.0.2 want: ^2.5.0
154 silly fetch manifest internmap@^1.0.0
155 silly packumentCache full:https://registry.npmjs.org/internmap cache-miss
156 http cache https://registry.npmjs.org/internmap 1ms (cache hit)
157 silly packumentCache full:https://registry.npmjs.org/internmap set size:19637 disposed:false
158 silly placeDep ROOT d3-dispatch@2.0.0 OK for: d3-zoom@2.0.0 want: 1 - 2
159 silly placeDep ROOT d3-drag@2.0.0 OK for: d3-zoom@2.0.0 want: 2
160 silly placeDep node_modules/d3-zoom d3-interpolate@2.0.1 OK for: d3-zoom@2.0.0 want: 1 - 2
161 silly placeDep ROOT d3-transition@2.0.0 OK for: d3-zoom@2.0.0 want: 2
162 silly fetch manifest d3-color@1 - 2
163 silly packumentCache full:https://registry.npmjs.org/d3-color cache-miss
164 silly fetch manifest d3-color@1 - 2
165 silly packumentCache full:https://registry.npmjs.org/d3-color cache-miss
166 silly fetch manifest d3-ease@1 - 2
167 silly packumentCache full:https://registry.npmjs.org/d3-ease cache-miss
168 silly fetch manifest d3-timer@1 - 2
169 silly packumentCache full:https://registry.npmjs.org/d3-timer cache-miss
170 http cache https://registry.npmjs.org/d3-color 2ms (cache hit)
171 silly packumentCache full:https://registry.npmjs.org/d3-color set size:142335 disposed:false
172 http cache https://registry.npmjs.org/d3-color 3ms (cache hit)
173 silly packumentCache full:https://registry.npmjs.org/d3-color set size:142335 disposed:false
174 silly packumentCache full:https://registry.npmjs.org/d3-color dispose
175 http fetch GET 200 https://registry.npmjs.org/d3-ease 34ms (cache miss)
176 silly packumentCache full:https://registry.npmjs.org/d3-ease set size:undefined disposed:false
177 http fetch GET 200 https://registry.npmjs.org/d3-timer 116ms (cache miss)
178 silly packumentCache full:https://registry.npmjs.org/d3-timer set size:undefined disposed:false
179 silly placeDep node_modules/d3-transition d3-color@2.0.0 OK for: d3-transition@2.0.0 want: 1 - 2
180 silly placeDep ROOT d3-ease@2.0.0 OK for: d3-transition@2.0.0 want: 1 - 2
181 silly placeDep node_modules/d3-transition d3-interpolate@2.0.1 OK for: d3-transition@2.0.0 want: 1 - 2
182 silly placeDep ROOT d3-timer@2.0.0 OK for: d3-transition@2.0.0 want: 1 - 2
183 silly placeDep ROOT @reduxjs/toolkit@2.12.0 OK for: recharts@3.9.0 want: ^1.9.0 || 2.x.x
184 silly placeDep ROOT clsx@2.1.1 OK for: recharts@3.9.0 want: ^2.1.1
185 silly placeDep ROOT decimal.js-light@2.5.1 OK for: recharts@3.9.0 want: ^2.5.1
186 silly placeDep ROOT es-toolkit@1.48.1 OK for: recharts@3.9.0 want: ^1.39.3
187 silly placeDep ROOT eventemitter3@5.0.4 OK for: recharts@3.9.0 want: ^5.0.1
188 silly placeDep ROOT immer@10.2.0 OK for: recharts@3.9.0 want: ^10.1.1
189 silly placeDep ROOT react-redux@9.3.0 OK for: recharts@3.9.0 want: 8.x.x || 9.x.x
190 silly placeDep ROOT reselect@5.2.0 OK for: recharts@3.9.0 want: 5.2.0
191 silly placeDep ROOT tiny-invariant@1.3.3 OK for: recharts@3.9.0 want: ^1.3.3
192 silly placeDep ROOT use-sync-external-store@1.6.0 OK for: recharts@3.9.0 want: ^1.2.2
193 silly placeDep ROOT victory-vendor@37.3.6 OK for: recharts@3.9.0 want: ^37.0.2
194 silly fetch manifest @standard-schema/spec@^1.0.0
195 silly packumentCache full:https://registry.npmjs.org/@standard-schema%2fspec cache-miss
196 silly fetch manifest @standard-schema/utils@^0.3.0
197 silly packumentCache full:https://registry.npmjs.org/@standard-schema%2futils cache-miss
198 silly fetch manifest immer@^11.0.0
199 silly packumentCache full:https://registry.npmjs.org/immer cache-miss
200 silly fetch manifest redux@^5.0.1
201 silly packumentCache full:https://registry.npmjs.org/redux cache-miss
202 silly fetch manifest redux-thunk@^3.1.0
203 silly packumentCache full:https://registry.npmjs.org/redux-thunk cache-miss
204 silly fetch manifest reselect@^5.1.0
205 silly packumentCache full:https://registry.npmjs.org/reselect cache-miss
206 silly fetch manifest @types/use-sync-external-store@^0.0.6
207 silly packumentCache full:https://registry.npmjs.org/@types%2fuse-sync-external-store cache-miss
208 silly fetch manifest use-sync-external-store@^1.4.0
209 silly packumentCache full:https://registry.npmjs.org/use-sync-external-store cache-miss
210 silly fetch manifest d3-ease@^3.0.1
211 silly packumentCache full:https://registry.npmjs.org/d3-ease cache-miss
212 http cache https://registry.npmjs.org/d3-ease 17ms (cache hit)
213 silly packumentCache full:https://registry.npmjs.org/d3-ease set size:109490 disposed:false
214 silly fetch manifest d3-shape@^3.1.0
215 silly packumentCache full:https://registry.npmjs.org/d3-shape cache-miss
216 http cache https://registry.npmjs.org/reselect 19ms (cache hit)
217 silly packumentCache full:https://registry.npmjs.org/reselect set size:353417 disposed:false
218 silly fetch manifest d3-timer@^3.0.1
219 silly packumentCache full:https://registry.npmjs.org/d3-timer cache-miss
220 http cache https://registry.npmjs.org/immer 21ms (cache hit)
221 silly packumentCache full:https://registry.npmjs.org/immer set size:761699 disposed:false
222 silly fetch manifest @types/d3-ease@^3.0.0
223 silly packumentCache full:https://registry.npmjs.org/@types%2fd3-ease cache-miss
224 http cache https://registry.npmjs.org/use-sync-external-store 26ms (cache hit)
225 silly packumentCache full:https://registry.npmjs.org/use-sync-external-store set size:4760947 disposed:false
226 silly fetch manifest @types/d3-time@^3.0.0
227 silly packumentCache full:https://registry.npmjs.org/@types%2fd3-time cache-miss
228 http cache https://registry.npmjs.org/d3-timer 15ms (cache hit)
229 silly packumentCache full:https://registry.npmjs.org/d3-timer set size:101516 disposed:false
230 silly fetch manifest @types/d3-array@^3.0.3
231 silly packumentCache full:https://registry.npmjs.org/@types%2fd3-array cache-miss
232 http fetch GET 200 https://registry.npmjs.org/@types%2fuse-sync-external-store 57ms (cache miss)
233 silly packumentCache full:https://registry.npmjs.org/@types%2fuse-sync-external-store set size:undefined disposed:false
234 silly fetch manifest @types/d3-scale@^4.0.2
235 silly packumentCache full:https://registry.npmjs.org/@types%2fd3-scale cache-miss
236 http fetch GET 200 https://registry.npmjs.org/redux 68ms (cache miss)
237 silly packumentCache full:https://registry.npmjs.org/redux set size:undefined disposed:false
238 silly fetch manifest @types/d3-shape@^3.1.0
239 silly packumentCache full:https://registry.npmjs.org/@types%2fd3-shape cache-miss
240 http fetch GET 200 https://registry.npmjs.org/d3-shape 57ms (cache miss)
241 silly packumentCache full:https://registry.npmjs.org/d3-shape set size:undefined disposed:false
242 silly fetch manifest @types/d3-timer@^3.0.0
243 silly packumentCache full:https://registry.npmjs.org/@types%2fd3-timer cache-miss
244 http fetch GET 200 https://registry.npmjs.org/@types%2fd3-time 47ms (cache miss)
245 silly packumentCache full:https://registry.npmjs.org/@types%2fd3-time set size:undefined disposed:false
246 silly fetch manifest @types/d3-interpolate@^3.0.1
247 silly packumentCache full:https://registry.npmjs.org/@types%2fd3-interpolate cache-miss
248 http fetch GET 200 https://registry.npmjs.org/@types%2fd3-ease 64ms (cache miss)
249 silly packumentCache full:https://registry.npmjs.org/@types%2fd3-ease set size:undefined disposed:false
250 http fetch GET 200 https://registry.npmjs.org/@types%2fd3-scale 48ms (cache miss)
251 silly packumentCache full:https://registry.npmjs.org/@types%2fd3-scale set size:undefined disposed:false
252 http fetch GET 200 https://registry.npmjs.org/redux-thunk 114ms (cache miss)
253 silly packumentCache full:https://registry.npmjs.org/redux-thunk set size:undefined disposed:false
254 http fetch GET 200 https://registry.npmjs.org/@types%2fd3-timer 45ms (cache miss)
255 silly packumentCache full:https://registry.npmjs.org/@types%2fd3-timer set size:undefined disposed:false
256 http fetch GET 200 https://registry.npmjs.org/@types%2fd3-interpolate 48ms (cache miss)
257 silly packumentCache full:https://registry.npmjs.org/@types%2fd3-interpolate set size:undefined disposed:false
258 http fetch GET 200 https://registry.npmjs.org/@standard-schema%2fspec 156ms (cache miss)
259 silly packumentCache full:https://registry.npmjs.org/@standard-schema%2fspec set size:undefined disposed:false
260 http fetch GET 200 https://registry.npmjs.org/@standard-schema%2futils 160ms (cache miss)
261 silly packumentCache full:https://registry.npmjs.org/@standard-schema%2futils set size:undefined disposed:false
262 http fetch GET 200 https://registry.npmjs.org/@types%2fd3-array 162ms (cache miss)
263 silly packumentCache full:https://registry.npmjs.org/@types%2fd3-array set size:undefined disposed:false
264 http fetch GET 200 https://registry.npmjs.org/@types%2fd3-shape 165ms (cache miss)
265 silly packumentCache full:https://registry.npmjs.org/@types%2fd3-shape set size:undefined disposed:false
266 silly placeDep ROOT @standard-schema/spec@1.1.0 OK for: @reduxjs/toolkit@2.12.0 want: ^1.0.0
267 silly placeDep ROOT @standard-schema/utils@0.3.0 OK for: @reduxjs/toolkit@2.12.0 want: ^0.3.0
268 silly placeDep node_modules/@reduxjs/toolkit immer@11.1.8 OK for: @reduxjs/toolkit@2.12.0 want: ^11.0.0
269 silly placeDep ROOT redux@5.0.1 OK for: @reduxjs/toolkit@2.12.0 want: ^5.0.1
270 silly placeDep ROOT redux-thunk@3.1.0 OK for: @reduxjs/toolkit@2.12.0 want: ^3.1.0
271 silly placeDep ROOT @types/use-sync-external-store@0.0.6 OK for: react-redux@9.3.0 want: ^0.0.6
272 silly placeDep ROOT commander@2.20.3 OK for: topojson-client@3.1.0 want: 2
273 silly placeDep ROOT @types/d3-array@3.2.2 OK for: victory-vendor@37.3.6 want: ^3.0.3
274 silly placeDep ROOT @types/d3-ease@3.0.2 OK for: victory-vendor@37.3.6 want: ^3.0.0
275 silly placeDep ROOT @types/d3-interpolate@3.0.4 OK for: victory-vendor@37.3.6 want: ^3.0.1
276 silly placeDep ROOT @types/d3-scale@4.0.9 OK for: victory-vendor@37.3.6 want: ^4.0.2
277 silly placeDep ROOT @types/d3-shape@3.1.8 OK for: victory-vendor@37.3.6 want: ^3.1.0
278 silly placeDep ROOT @types/d3-time@3.0.4 OK for: victory-vendor@37.3.6 want: ^3.0.0
279 silly placeDep ROOT @types/d3-timer@3.0.2 OK for: victory-vendor@37.3.6 want: ^3.0.0
280 silly placeDep node_modules/victory-vendor d3-ease@3.0.1 OK for: victory-vendor@37.3.6 want: ^3.0.1
281 silly placeDep ROOT d3-shape@3.2.0 OK for: victory-vendor@37.3.6 want: ^3.1.0
282 silly placeDep node_modules/victory-vendor d3-timer@3.0.1 OK for: victory-vendor@37.3.6 want: ^3.0.1
283 silly fetch manifest @types/d3-color@*
284 silly packumentCache full:https://registry.npmjs.org/@types%2fd3-color cache-miss
285 silly fetch manifest @types/d3-time@*
286 silly packumentCache full:https://registry.npmjs.org/@types%2fd3-time cache-miss
287 silly fetch manifest @types/d3-path@*
288 silly packumentCache full:https://registry.npmjs.org/@types%2fd3-path cache-miss
289 silly fetch manifest d3-path@^3.1.0
290 silly packumentCache full:https://registry.npmjs.org/d3-path cache-miss
291 http cache https://registry.npmjs.org/@types%2fd3-time 3ms (cache hit)
292 silly packumentCache full:https://registry.npmjs.org/@types%2fd3-time set size:52652 disposed:false
293 http fetch GET 200 https://registry.npmjs.org/@types%2fd3-color 44ms (cache miss)
294 silly packumentCache full:https://registry.npmjs.org/@types%2fd3-color set size:undefined disposed:false
295 http fetch GET 200 https://registry.npmjs.org/d3-path 112ms (cache miss)
296 silly packumentCache full:https://registry.npmjs.org/d3-path set size:undefined disposed:false
297 http fetch GET 200 https://registry.npmjs.org/@types%2fd3-path 141ms (cache miss)
298 silly packumentCache full:https://registry.npmjs.org/@types%2fd3-path set size:undefined disposed:false
299 silly placeDep ROOT @types/d3-color@3.1.3 OK for: @types/d3-interpolate@3.0.4 want: *
300 silly placeDep ROOT @types/d3-path@3.1.1 OK for: @types/d3-shape@3.1.8 want: *
301 silly placeDep ROOT d3-path@3.1.0 OK for: d3-shape@3.2.0 want: ^3.1.0
302 silly placeDep node_modules/d3-geo internmap@1.0.1 OK for: d3-array@2.12.1 want: ^1.0.0
303 silly placeDep node_modules/d3-zoom d3-color@2.0.0 OK for: d3-interpolate@2.0.1 want: 1 - 2
304 silly reify moves {}
305 silly audit bulk request {
305 silly audit   '@babel/code-frame': [ '7.29.7' ],
305 silly audit   '@babel/compat-data': [ '7.29.7' ],
305 silly audit   '@babel/core': [ '7.29.7' ],
305 silly audit   '@babel/generator': [ '7.29.7' ],
305 silly audit   '@babel/helper-compilation-targets': [ '7.29.7' ],
305 silly audit   '@babel/helper-globals': [ '7.29.7' ],
305 silly audit   '@babel/helper-module-imports': [ '7.29.7' ],
305 silly audit   '@babel/helper-module-transforms': [ '7.29.7' ],
305 silly audit   '@babel/helper-string-parser': [ '7.29.7' ],
305 silly audit   '@babel/helper-validator-identifier': [ '7.29.7' ],
305 silly audit   '@babel/helper-validator-option': [ '7.29.7' ],
305 silly audit   '@babel/helpers': [ '7.29.7' ],
305 silly audit   '@babel/parser': [ '7.29.7' ],
305 silly audit   '@babel/runtime': [ '7.29.7' ],
305 silly audit   '@babel/template': [ '7.29.7' ],
305 silly audit   '@babel/traverse': [ '7.29.7' ],
305 silly audit   '@babel/types': [ '7.29.7' ],
305 silly audit   '@emnapi/core': [ '1.10.0' ],
305 silly audit   '@emnapi/runtime': [ '1.11.1', '1.10.0' ],
305 silly audit   '@emnapi/wasi-threads': [ '1.2.1' ],
305 silly audit   '@eslint-community/eslint-utils': [ '4.9.1' ],
305 silly audit   'eslint-visitor-keys': [ '3.4.3', '5.0.1', '4.2.1' ],
305 silly audit   '@eslint-community/regexpp': [ '4.12.2' ],
305 silly audit   '@eslint/config-array': [ '0.21.2' ],
305 silly audit   '@eslint/config-helpers': [ '0.4.2' ],
305 silly audit   '@eslint/core': [ '0.17.0' ],
305 silly audit   '@eslint/eslintrc': [ '3.3.5' ],
305 silly audit   globals: [ '14.0.0', '16.4.0' ],
305 silly audit   '@eslint/js': [ '9.39.4' ],
305 silly audit   '@eslint/object-schema': [ '2.1.7' ],
305 silly audit   '@eslint/plugin-kit': [ '0.4.1' ],
305 silly audit   '@hapi/hoek': [ '9.3.0' ],
305 silly audit   '@hapi/topo': [ '5.1.0' ],
305 silly audit   '@humanfs/core': [ '0.19.2' ],
305 silly audit   '@humanfs/node': [ '0.16.8' ],
305 silly audit   '@humanfs/types': [ '0.15.0' ],
305 silly audit   '@humanwhocodes/module-importer': [ '1.0.1' ],
305 silly audit   '@humanwhocodes/retry': [ '0.4.3' ],
305 silly audit   '@img/colour': [ '1.1.0' ],
305 silly audit   '@img/sharp-darwin-arm64': [ '0.34.5' ],
305 silly audit   '@img/sharp-darwin-x64': [ '0.34.5' ],
305 silly audit   '@img/sharp-libvips-darwin-arm64': [ '1.2.4' ],
305 silly audit   '@img/sharp-libvips-darwin-x64': [ '1.2.4' ],
305 silly audit   '@img/sharp-libvips-linux-arm': [ '1.2.4' ],
305 silly audit   '@img/sharp-libvips-linux-arm64': [ '1.2.4' ],
305 silly audit   '@img/sharp-libvips-linux-ppc64': [ '1.2.4' ],
305 silly audit   '@img/sharp-libvips-linux-riscv64': [ '1.2.4' ],
305 silly audit   '@img/sharp-libvips-linux-s390x': [ '1.2.4' ],
305 silly audit   '@img/sharp-libvips-linux-x64': [ '1.2.4' ],
305 silly audit   '@img/sharp-libvips-linuxmusl-arm64': [ '1.2.4' ],
305 silly audit   '@img/sharp-libvips-linuxmusl-x64': [ '1.2.4' ],
305 silly audit   '@img/sharp-linux-arm': [ '0.34.5' ],
305 silly audit   '@img/sharp-linux-arm64': [ '0.34.5' ],
305 silly audit   '@img/sharp-linux-ppc64': [ '0.34.5' ],
305 silly audit   '@img/sharp-linux-riscv64': [ '0.34.5' ],
305 silly audit   '@img/sharp-linux-s390x': [ '0.34.5' ],
305 silly audit   '@img/sharp-linux-x64': [ '0.34.5' ],
305 silly audit   '@img/sharp-linuxmusl-arm64': [ '0.34.5' ],
305 silly audit   '@img/sharp-linuxmusl-x64': [ '0.34.5' ],
305 silly audit   '@img/sharp-wasm32': [ '0.34.5' ],
305 silly audit   '@img/sharp-win32-arm64': [ '0.34.5' ],
305 silly audit   '@img/sharp-win32-ia32': [ '0.34.5' ],
305 silly audit   '@img/sharp-win32-x64': [ '0.34.5' ],
305 silly audit   '@jridgewell/gen-mapping': [ '0.3.13' ],
305 silly audit   '@jridgewell/remapping': [ '2.3.5' ],
305 silly audit   '@jridgewell/resolve-uri': [ '3.1.2' ],
305 silly audit   '@jridgewell/sourcemap-codec': [ '1.5.5' ],
305 silly audit   '@jridgewell/trace-mapping': [ '0.3.31' ],
305 silly audit   '@napi-rs/wasm-runtime': [ '1.1.5' ],
305 silly audit   '@next/env': [ '16.2.9' ],
305 silly audit   '@next/eslint-plugin-next': [ '16.2.9' ],
305 silly audit   '@next/swc-darwin-arm64': [ '16.2.9' ],
305 silly audit   '@next/swc-darwin-x64': [ '16.2.9' ],
305 silly audit   '@next/swc-linux-arm64-gnu': [ '16.2.9' ],
305 silly audit   '@next/swc-linux-arm64-musl': [ '16.2.9' ],
305 silly audit   '@next/swc-linux-x64-gnu': [ '16.2.9' ],
305 silly audit   '@next/swc-linux-x64-musl': [ '16.2.9' ],
305 silly audit   '@next/swc-win32-arm64-msvc': [ '16.2.9' ],
305 silly audit   '@next/swc-win32-x64-msvc': [ '16.2.9' ],
305 silly audit   '@nodelib/fs.scandir': [ '2.1.5' ],
305 silly audit   '@nodelib/fs.stat': [ '2.0.5' ],
305 silly audit   '@nodelib/fs.walk': [ '1.2.8' ],
305 silly audit   '@nolyfill/is-core-module': [ '1.0.39' ],
305 silly audit   '@rtsao/scc': [ '1.1.0' ],
305 silly audit   '@sideway/address': [ '4.1.5' ],
305 silly audit   '@sideway/formula': [ '3.0.1' ],
305 silly audit   '@sideway/pinpoint': [ '2.0.0' ],
305 silly audit   '@supabase/auth-js': [ '2.108.2' ],
305 silly audit   '@supabase/functions-js': [ '2.108.2' ],
305 silly audit   '@supabase/phoenix': [ '0.4.3' ],
305 silly audit   '@supabase/postgrest-js': [ '2.108.2' ],
305 silly audit   '@supabase/realtime-js': [ '2.108.2' ],
305 silly audit   '@supabase/ssr': [ '0.12.0' ],
305 silly audit   '@supabase/storage-js': [ '2.108.2' ],
305 silly audit   '@supabase/supabase-js': [ '2.108.2' ],
305 silly audit   '@swc/helpers': [ '0.5.15' ],
305 silly audit   '@tybys/wasm-util': [ '0.10.2' ],
305 silly audit   '@types/estree': [ '1.0.9' ],
305 silly audit   '@types/json-schema': [ '7.0.15' ],
305 silly audit   '@types/json5': [ '0.0.29' ],
305 silly audit   '@types/node': [ '25.9.3' ],
305 silly audit   '@types/pako': [ '2.0.4' ],
305 silly audit   '@types/qrcode': [ '1.5.6' ],
305 silly audit   '@types/raf': [ '3.4.3' ],
305 silly audit   '@types/react': [ '19.2.17' ],
305 silly audit   '@types/react-dom': [ '19.2.3' ],
305 silly audit   '@types/trusted-types': [ '2.0.7' ],
305 silly audit   '@typescript-eslint/eslint-plugin': [ '8.61.1' ],
305 silly audit   ignore: [ '7.0.5', '5.3.2' ],
305 silly audit   '@typescript-eslint/parser': [ '8.61.1' ],
305 silly audit   '@typescript-eslint/project-service': [ '8.61.1' ],
305 silly audit   '@typescript-eslint/scope-manager': [ '8.61.1' ],
305 silly audit   '@typescript-eslint/tsconfig-utils': [ '8.61.1' ],
305 silly audit   '@typescript-eslint/type-utils': [ '8.61.1' ],
305 silly audit   '@typescript-eslint/types': [ '8.61.1' ],
305 silly audit   '@typescript-eslint/typescript-estree': [ '8.61.1' ],
305 silly audit   'balanced-match': [ '4.0.4', '1.0.2' ],
305 silly audit   'brace-expansion': [ '5.0.6', '1.1.15' ],
305 silly audit   minimatch: [ '10.2.5', '3.1.5' ],
305 silly audit   semver: [ '7.8.4', '6.3.1' ],
305 silly audit   '@typescript-eslint/utils': [ '8.61.1' ],
305 silly audit   '@typescript-eslint/visitor-keys': [ '8.61.1' ],
305 silly audit   '@unrs/resolver-binding-android-arm-eabi': [ '1.12.2' ],
305 silly audit   '@unrs/resolver-binding-android-arm64': [ '1.12.2' ],
305 silly audit   '@unrs/resolver-binding-darwin-arm64': [ '1.12.2' ],
305 silly audit   '@unrs/resolver-binding-darwin-x64': [ '1.12.2' ],
305 silly audit   '@unrs/resolver-binding-freebsd-x64': [ '1.12.2' ],
305 silly audit   '@unrs/resolver-binding-linux-arm-gnueabihf': [ '1.12.2' ],
305 silly audit   '@unrs/resolver-binding-linux-arm-musleabihf': [ '1.12.2' ],
305 silly audit   '@unrs/resolver-binding-linux-arm64-gnu': [ '1.12.2' ],
305 silly audit   '@unrs/resolver-binding-linux-arm64-musl': [ '1.12.2' ],
305 silly audit   '@unrs/resolver-binding-linux-loong64-gnu': [ '1.12.2' ],
305 silly audit   '@unrs/resolver-binding-linux-loong64-musl': [ '1.12.2' ],
305 silly audit   '@unrs/resolver-binding-linux-ppc64-gnu': [ '1.12.2' ],
305 silly audit   '@unrs/resolver-binding-linux-riscv64-gnu': [ '1.12.2' ],
305 silly audit   '@unrs/resolver-binding-linux-riscv64-musl': [ '1.12.2' ],
305 silly audit   '@unrs/resolver-binding-linux-s390x-gnu': [ '1.12.2' ],
305 silly audit   '@unrs/resolver-binding-linux-x64-gnu': [ '1.12.2' ],
305 silly audit   '@unrs/resolver-binding-linux-x64-musl': [ '1.12.2' ],
305 silly audit   '@unrs/resolver-binding-openharmony-arm64': [ '1.12.2' ],
305 silly audit   '@unrs/resolver-binding-wasm32-wasi': [ '1.12.2' ],
305 silly audit   '@unrs/resolver-binding-win32-arm64-msvc': [ '1.12.2' ],
305 silly audit   '@unrs/resolver-binding-win32-ia32-msvc': [ '1.12.2' ],
305 silly audit   '@unrs/resolver-binding-win32-x64-msvc': [ '1.12.2' ],
305 silly audit   acorn: [ '8.17.0' ],
305 silly audit   'acorn-jsx': [ '5.3.2' ],
305 silly audit   ajv: [ '6.15.0' ],
305 silly audit   'ansi-regex': [ '5.0.1' ],
305 silly audit   'ansi-styles': [ '4.3.0' ],
305 silly audit   argparse: [ '2.0.1' ],
305 silly audit   'aria-query': [ '5.3.2' ],
305 silly audit   'array-buffer-byte-length': [ '1.0.2' ],
305 silly audit   'array-includes': [ '3.1.9' ],
305 silly audit   'array.prototype.findlast': [ '1.2.5' ],
305 silly audit   'array.prototype.findlastindex': [ '1.2.6' ],
305 silly audit   'array.prototype.flat': [ '1.3.3' ],
305 silly audit   'array.prototype.flatmap': [ '1.3.3' ],
305 silly audit   'array.prototype.tosorted': [ '1.1.4' ],
305 silly audit   'arraybuffer.prototype.slice': [ '1.0.4' ],
305 silly audit   'ast-types-flow': [ '0.0.8' ],
305 silly audit   'async-function': [ '1.0.0' ],
305 silly audit   'available-typed-arrays': [ '1.0.7' ],
305 silly audit   'axe-core': [ '4.12.1' ],
305 silly audit   'axobject-query': [ '4.1.0' ],
305 silly audit   'base64-arraybuffer': [ '1.0.2' ],
305 silly audit   'baseline-browser-mapping': [ '2.10.37' ],
305 silly audit   braces: [ '3.0.3' ],
305 silly audit   browserslist: [ '4.28.2' ],
305 silly audit   'call-bind': [ '1.0.9' ],
305 silly audit   'call-bind-apply-helpers': [ '1.0.2' ],
305 silly audit   'call-bound': [ '1.0.4' ],
305 silly audit   callsites: [ '3.1.0' ],
305 silly audit   camelcase: [ '5.3.1' ],
305 silly audit   'caniuse-lite': [ '1.0.30001799' ],
305 silly audit   canvg: [ '3.0.11' ],
305 silly audit   chalk: [ '4.1.2' ],
305 silly audit   'client-only': [ '0.0.1' ],
305 silly audit   cliui: [ '6.0.0' ],
305 silly audit   'color-convert': [ '2.0.1' ],
305 silly audit   'color-name': [ '1.1.4' ],
305 silly audit   'concat-map': [ '0.0.1' ],
305 silly audit   'convert-source-map': [ '2.0.0' ],
305 silly audit   cookie: [ '1.1.1' ],
305 silly audit   'core-js': [ '3.49.0' ],
305 silly audit   'cross-spawn': [ '7.0.6' ],
305 silly audit   'css-line-break': [ '2.1.0' ],
305 silly audit   csstype: [ '3.2.3' ],
305 silly audit   'damerau-levenshtein': [ '1.0.8' ],
305 silly audit   'data-view-buffer': [ '1.0.2' ],
305 silly audit   'data-view-byte-length': [ '1.0.2' ],
305 silly audit   'data-view-byte-offset': [ '1.0.1' ],
305 silly audit   debug: [ '4.4.3', '3.2.7' ],
305 silly audit   decamelize: [ '1.2.0' ],
305 silly audit   'deep-is': [ '0.1.4' ],
305 silly audit   'define-data-property': [ '1.1.4' ],
305 silly audit   'define-properties': [ '1.2.1' ],
305 silly audit   'detect-libc': [ '2.1.2' ],
305 silly audit   dijkstrajs: [ '1.0.3' ],
305 silly audit   'do-not-zip': [ '1.0.0' ],
305 silly audit   doctrine: [ '2.1.0' ],
305 silly audit   dompurify: [ '3.4.11' ],
305 silly audit   'dunder-proto': [ '1.0.1' ],
305 silly audit   'electron-to-chromium': [ '1.5.375' ],
305 silly audit   'emoji-regex': [ '9.2.2', '8.0.0' ],
305 silly audit   'es-abstract': [ '1.24.2' ],
305 silly audit   'es-abstract-get': [ '1.0.0' ],
305 silly audit   'es-define-property': [ '1.0.1' ],
305 silly audit   'es-errors': [ '1.3.0' ],
305 silly audit   'es-iterator-helpers': [ '1.3.3' ],
305 silly audit   'es-object-atoms': [ '1.1.2' ],
305 silly audit   'es-set-tostringtag': [ '2.1.0' ],
305 silly audit   'es-shim-unscopables': [ '1.1.0' ],
305 silly audit   'es-to-primitive': [ '1.3.1' ],
305 silly audit   escalade: [ '3.2.0' ],
305 silly audit   'escape-string-regexp': [ '4.0.0' ],
305 silly audit   eslint: [ '9.39.4' ],
305 silly audit   'eslint-config-next': [ '16.2.9' ],
305 silly audit   'eslint-import-resolver-node': [ '0.3.10' ],
305 silly audit   'eslint-import-resolver-typescript': [ '3.10.1' ],
305 silly audit   'eslint-module-utils': [ '2.13.0' ],
305 silly audit   'eslint-plugin-import': [ '2.32.0' ],
305 silly audit   'eslint-plugin-jsx-a11y': [ '6.10.2' ],
305 silly audit   'eslint-plugin-react': [ '7.37.5' ],
305 silly audit   'eslint-plugin-react-hooks': [ '7.1.1' ],
305 silly audit   'eslint-scope': [ '8.4.0' ],
305 silly audit   espree: [ '10.4.0' ],
305 silly audit   esquery: [ '1.7.0' ],
305 silly audit   esrecurse: [ '4.3.0' ],
305 silly audit   estraverse: [ '5.3.0' ],
305 silly audit   esutils: [ '2.0.3' ],
305 silly audit   'fast-deep-equal': [ '3.1.3' ],
305 silly audit   'fast-glob': [ '3.3.1' ],
305 silly audit   'glob-parent': [ '5.1.2', '6.0.2' ],
305 silly audit   'fast-json-stable-stringify': [ '2.1.0' ],
305 silly audit   'fast-levenshtein': [ '2.0.6' ],
305 silly audit   'fast-png': [ '6.4.0' ],
305 silly audit   fastq: [ '1.20.1' ],
305 silly audit   fflate: [ '0.8.3' ],
305 silly audit   'file-entry-cache': [ '8.0.0' ],
305 silly audit   'fill-range': [ '7.1.1' ],
305 silly audit   'find-up': [ '5.0.0', '4.1.0' ],
305 silly audit   'flat-cache': [ '4.0.1' ],
305 silly audit   flatted: [ '3.4.2' ],
305 silly audit   'for-each': [ '0.3.5' ],
305 silly audit   'framer-motion': [ '12.40.0' ],
305 silly audit   'function-bind': [ '1.1.2' ],
305 silly audit   'function.prototype.name': [ '1.2.0' ],
305 silly audit   'functions-have-names': [ '1.2.3' ],
305 silly audit   'generator-function': [ '2.0.1' ],
305 silly audit   gensync: [ '1.0.0-beta.2' ],
305 silly audit   'get-caller-file': [ '2.0.5' ],
305 silly audit   'get-intrinsic': [ '1.3.0' ],
305 silly audit   'get-proto': [ '1.0.1' ],
305 silly audit   'get-symbol-description': [ '1.1.0' ],
305 silly audit   'get-tsconfig': [ '4.14.0' ],
305 silly audit   globalthis: [ '1.0.4' ],
305 silly audit   gopd: [ '1.2.0' ],
305 silly audit   'has-bigints': [ '1.1.0' ],
305 silly audit   'has-flag': [ '4.0.0' ],
305 silly audit   'has-property-descriptors': [ '1.0.2' ],
305 silly audit   'has-proto': [ '1.2.0' ],
305 silly audit   'has-symbols': [ '1.1.0' ],
305 silly audit   'has-tostringtag': [ '1.0.2' ],
305 silly audit   hasown: [ '2.0.4' ],
305 silly audit   'hermes-estree': [ '0.25.1' ],
305 silly audit   'hermes-parser': [ '0.25.1' ],
305 silly audit   html2canvas: [ '1.4.1' ],
305 silly audit   'iceberg-js': [ '0.8.1' ],
305 silly audit   'import-fresh': [ '3.3.1' ],
305 silly audit   imurmurhash: [ '0.1.4' ],
305 silly audit   'internal-slot': [ '1.1.0' ],
305 silly audit   iobuffer: [ '5.4.0' ],
305 silly audit   'is-array-buffer': [ '3.0.5' ],
305 silly audit   'is-async-function': [ '2.1.1' ],
305 silly audit   'is-bigint': [ '1.1.0' ],
305 silly audit   'is-boolean-object': [ '1.2.2' ],
305 silly audit   'is-bun-module': [ '2.0.0' ],
305 silly audit   'is-callable': [ '1.2.7' ],
305 silly audit   'is-core-module': [ '2.16.2' ],
305 silly audit   'is-data-view': [ '1.0.2' ],
305 silly audit   'is-date-object': [ '1.1.0' ],
305 silly audit   'is-document.all': [ '1.0.0' ],
305 silly audit   'is-extglob': [ '2.1.1' ],
305 silly audit   'is-finalizationregistry': [ '1.1.1' ],
305 silly audit   'is-fullwidth-code-point': [ '3.0.0' ],
305 silly audit   'is-generator-function': [ '1.1.2' ],
305 silly audit   'is-glob': [ '4.0.3' ],
305 silly audit   'is-map': [ '2.0.3' ],
305 silly audit   'is-negative-zero': [ '2.0.3' ],
305 silly audit   'is-number': [ '7.0.0' ],
305 silly audit   'is-number-object': [ '1.1.1' ],
305 silly audit   'is-regex': [ '1.2.1' ],
305 silly audit   'is-set': [ '2.0.3' ],
305 silly audit   'is-shared-array-buffer': [ '1.0.4' ],
305 silly audit   'is-string': [ '1.1.1' ],
305 silly audit   'is-symbol': [ '1.1.1' ],
305 silly audit   'is-typed-array': [ '1.1.15' ],
305 silly audit   'is-weakmap': [ '2.0.2' ],
305 silly audit   'is-weakref': [ '1.1.1' ],
305 silly audit   'is-weakset': [ '2.0.4' ],
305 silly audit   isarray: [ '2.0.5' ],
305 silly audit   isexe: [ '2.0.0' ],
305 silly audit   'iterator.prototype': [ '1.1.5' ],
305 silly audit   joi: [ '17.4.2' ],
305 silly audit   'js-tokens': [ '4.0.0' ],
305 silly audit   'js-yaml': [ '4.2.0' ],
305 silly audit   jsesc: [ '3.1.0' ],
305 silly audit   'json-buffer': [ '3.0.1' ],
305 silly audit   'json-schema-traverse': [ '0.4.1' ],
305 silly audit   'json-stable-stringify-without-jsonify': [ '1.0.1' ],
305 silly audit   json5: [ '2.2.3', '1.0.2' ],
305 silly audit   jspdf: [ '4.2.1' ],
305 silly audit   'jsx-ast-utils': [ '3.3.5' ],
305 silly audit   keyv: [ '4.5.4' ],
305 silly audit   'language-subtag-registry': [ '0.3.23' ],
305 silly audit   'language-tags': [ '1.0.9' ],
305 silly audit   levn: [ '0.4.1' ],
305 silly audit   'locate-path': [ '6.0.0', '5.0.0' ],
305 silly audit   'lodash.merge': [ '4.6.2' ],
305 silly audit   'loose-envify': [ '1.4.0' ],
305 silly audit   'lru-cache': [ '5.1.1' ],
305 silly audit   'lucide-react': [ '1.21.0' ],
305 silly audit   'math-intrinsics': [ '1.1.0' ],
305 silly audit   merge2: [ '1.4.1' ],
305 silly audit   micromatch: [ '4.0.8' ],
305 silly audit   minimist: [ '1.2.8' ],
305 silly audit   'motion-dom': [ '12.40.0' ],
305 silly audit   'motion-utils': [ '12.39.0' ],
305 silly audit   ms: [ '2.1.3' ],
305 silly audit   nanoid: [ '5.1.11', '3.3.12' ],
305 silly audit   'napi-postinstall': [ '0.3.4' ],
305 silly audit   'natural-compare': [ '1.4.0' ],
305 silly audit   next: [ '16.2.9' ],
305 silly audit   'node-exports-info': [ '1.6.0' ],
305 silly audit   'node-forge': [ '1.4.0' ],
305 silly audit   'node-releases': [ '2.0.47' ],
305 silly audit   'object-assign': [ '4.1.1' ],
305 silly audit   'object-inspect': [ '1.13.4' ],
305 silly audit   'object-keys': [ '1.1.1' ],
305 silly audit   'object.assign': [ '4.1.7' ],
305 silly audit   'object.entries': [ '1.1.9' ],
305 silly audit   'object.fromentries': [ '2.0.8' ],
305 silly audit   'object.groupby': [ '1.0.3' ],
305 silly audit   'object.values': [ '1.2.1' ],
305 silly audit   optionator: [ '0.9.4' ],
305 silly audit   'own-keys': [ '1.0.1' ],
305 silly audit   'p-limit': [ '3.1.0', '2.3.0' ],
305 silly audit   'p-locate': [ '5.0.0', '4.1.0' ],
305 silly audit   'p-try': [ '2.2.0' ],
305 silly audit   pako: [ '2.1.0' ],
305 silly audit   'parent-module': [ '1.0.1' ],
305 silly audit   'passkit-generator': [ '3.5.7' ],
305 silly audit   'path-exists': [ '4.0.0' ],
305 silly audit   'path-key': [ '3.1.1' ],
305 silly audit   'path-parse': [ '1.0.7' ],
305 silly audit   'performance-now': [ '2.1.0' ],
305 silly audit   picocolors: [ '1.1.1' ],
305 silly audit   picomatch: [ '2.3.2', '4.0.4' ],
305 silly audit   pngjs: [ '5.0.0' ],
305 silly audit   'possible-typed-array-names': [ '1.1.0' ],
305 silly audit   postcss: [ '8.4.31' ],
305 silly audit   'prelude-ls': [ '1.2.1' ],
305 silly audit   'prop-types': [ '15.8.1' ],
305 silly audit   punycode: [ '2.3.1' ],
305 silly audit   'qr-code-styling': [ '1.9.2' ],
305 silly audit   qrcode: [ '1.5.4' ],
305 silly audit   'qrcode-generator': [ '1.5.2' ],
305 silly audit   'queue-microtask': [ '1.2.3' ],
305 silly audit   raf: [ '3.4.1' ],
305 silly audit   react: [ '19.2.7' ],
305 silly audit   'react-dom': [ '19.2.7' ],
305 silly audit   'react-icons': [ '5.6.0' ],
305 silly audit   'react-is': [ '16.13.1' ],
305 silly audit   'reflect.getprototypeof': [ '1.0.10' ],
305 silly audit   'regenerator-runtime': [ '0.13.11' ],
305 silly audit   'regexp.prototype.flags': [ '1.5.4' ],
305 silly audit   'require-directory': [ '2.1.1' ],
305 silly audit   'require-main-filename': [ '2.0.0' ],
305 silly audit   resolve: [ '2.0.0-next.7' ],
305 silly audit   'resolve-from': [ '4.0.0' ],
305 silly audit   'resolve-pkg-maps': [ '1.0.0' ],
305 silly audit   reusify: [ '1.1.0' ],
305 silly audit   rgbcolor: [ '1.0.1' ],
305 silly audit   'run-parallel': [ '1.2.0' ],
305 silly audit   'safe-array-concat': [ '1.1.4' ],
305 silly audit   'safe-push-apply': [ '1.0.0' ],
305 silly audit   'safe-regex-test': [ '1.1.0' ],
305 silly audit   scheduler: [ '0.27.0' ],
305 silly audit   'set-blocking': [ '2.0.0' ],
305 silly audit   'set-function-length': [ '1.2.2' ],
305 silly audit   'set-function-name': [ '2.0.2' ],
305 silly audit   'set-proto': [ '1.0.0' ],
305 silly audit   sharp: [ '0.34.5' ],
305 silly audit   'shebang-command': [ '2.0.0' ],
305 silly audit   'shebang-regex': [ '3.0.0' ],
305 silly audit   'side-channel': [ '1.1.1' ],
305 silly audit   'side-channel-list': [ '1.0.1' ],
305 silly audit   'side-channel-map': [ '1.0.1' ],
305 silly audit   'side-channel-weakmap': [ '1.0.2' ],
305 silly audit   'simple-icons': [ '16.24.0' ],
305 silly audit   'source-map-js': [ '1.2.1' ],
305 silly audit   'stable-hash': [ '0.0.5' ],
305 silly audit   'stackblur-canvas': [ '2.7.0' ],
305 silly audit   'stop-iteration-iterator': [ '1.1.0' ],
305 silly audit   'string-width': [ '4.2.3' ],
305 silly audit   'string.prototype.includes': [ '2.0.1' ],
305 silly audit   'string.prototype.matchall': [ '4.0.12' ],
305 silly audit   'string.prototype.repeat': [ '1.0.0' ],
305 silly audit   'string.prototype.trim': [ '1.2.11' ],
305 silly audit   'string.prototype.trimend': [ '1.0.10' ],
305 silly audit   'string.prototype.trimstart': [ '1.0.8' ],
305 silly audit   'strip-ansi': [ '6.0.1' ],
305 silly audit   'strip-bom': [ '3.0.0' ],
305 silly audit   'strip-json-comments': [ '3.1.1' ],
305 silly audit   'styled-jsx': [ '5.1.6' ],
305 silly audit   'supports-color': [ '7.2.0' ],
305 silly audit   'supports-preserve-symlinks-flag': [ '1.0.0' ],
305 silly audit   'svg-pathdata': [ '6.0.3' ],
305 silly audit   'text-segmentation': [ '1.0.3' ],
305 silly audit   tinyglobby: [ '0.2.17' ],
305 silly audit   fdir: [ '6.5.0' ],
305 silly audit   'to-regex-range': [ '5.0.1' ],
305 silly audit   'ts-api-utils': [ '2.5.0' ],
305 silly audit   'tsconfig-paths': [ '3.15.0' ],
305 silly audit   tslib: [ '2.8.1' ],
305 silly audit   'type-check': [ '0.4.0' ],
305 silly audit   'typed-array-buffer': [ '1.0.3' ],
305 silly audit   'typed-array-byte-length': [ '1.0.3' ],
305 silly audit   'typed-array-byte-offset': [ '1.0.4' ],
305 silly audit   'typed-array-length': [ '1.0.8' ],
305 silly audit   typescript: [ '6.0.3' ],
305 silly audit   'typescript-eslint': [ '8.61.1' ],
305 silly audit   'unbox-primitive': [ '1.1.0' ],
305 silly audit   'undici-types': [ '7.24.6' ],
305 silly audit   'unrs-resolver': [ '1.12.2' ],
305 silly audit   'update-browserslist-db': [ '1.2.3' ],
305 silly audit   'uri-js': [ '4.4.1' ],
305 silly audit   utrie: [ '1.0.2' ],
305 silly audit   which: [ '2.0.2' ],
305 silly audit   'which-boxed-primitive': [ '1.1.1' ],
305 silly audit   'which-builtin-type': [ '1.2.1' ],
305 silly audit   'which-collection': [ '1.0.2' ],
305 silly audit   'which-module': [ '2.0.1' ],
305 silly audit   'which-typed-array': [ '1.1.22' ],
305 silly audit   'word-wrap': [ '1.2.5' ],
305 silly audit   'wrap-ansi': [ '6.2.0' ],
305 silly audit   y18n: [ '4.0.3' ],
305 silly audit   yallist: [ '3.1.1' ],
305 silly audit   yargs: [ '15.4.1' ],
305 silly audit   'yargs-parser': [ '18.1.3' ],
305 silly audit   'yocto-queue': [ '0.1.0' ],
305 silly audit   zod: [ '4.4.3' ],
305 silly audit   'zod-validation-error': [ '4.0.2' ],
305 silly audit   'd3-scale': [ '4.0.2' ],
305 silly audit   'react-simple-maps': [ '3.0.0' ],
305 silly audit   recharts: [ '3.9.0' ],
305 silly audit   'd3-array': [ '3.2.4', '2.12.1' ],
305 silly audit   'd3-format': [ '3.1.2' ],
305 silly audit   'd3-interpolate': [ '3.0.1', '2.0.1' ],
305 silly audit   'd3-time': [ '3.1.0' ],
305 silly audit   'd3-time-format': [ '4.1.0' ],
305 silly audit   internmap: [ '2.0.3', '1.0.1' ],
305 silly audit   'd3-color': [ '3.1.0', '2.0.0' ],
305 silly audit   'd3-geo': [ '2.0.2' ],
305 silly audit   'd3-selection': [ '2.0.0' ],
305 silly audit   'd3-zoom': [ '2.0.0' ],
305 silly audit   'topojson-client': [ '3.1.0' ],
305 silly audit   'd3-dispatch': [ '2.0.0' ],
305 silly audit   'd3-drag': [ '2.0.0' ],
305 silly audit   'd3-transition': [ '2.0.0' ],
305 silly audit   'd3-ease': [ '2.0.0', '3.0.1' ],
305 silly audit   'd3-timer': [ '2.0.0', '3.0.1' ],
305 silly audit   '@reduxjs/toolkit': [ '2.12.0' ],
305 silly audit   clsx: [ '2.1.1' ],
305 silly audit   'decimal.js-light': [ '2.5.1' ],
305 silly audit   'es-toolkit': [ '1.48.1' ],
305 silly audit   eventemitter3: [ '5.0.4' ],
305 silly audit   immer: [ '10.2.0', '11.1.8' ],
305 silly audit   'react-redux': [ '9.3.0' ],
305 silly audit   reselect: [ '5.2.0' ],
305 silly audit   'tiny-invariant': [ '1.3.3' ],
305 silly audit   'use-sync-external-store': [ '1.6.0' ],
305 silly audit   'victory-vendor': [ '37.3.6' ],
305 silly audit   '@standard-schema/spec': [ '1.1.0' ],
305 silly audit   '@standard-schema/utils': [ '0.3.0' ],
305 silly audit   redux: [ '5.0.1' ],
305 silly audit   'redux-thunk': [ '3.1.0' ],
305 silly audit   '@types/use-sync-external-store': [ '0.0.6' ],
305 silly audit   commander: [ '2.20.3' ],
305 silly audit   '@types/d3-array': [ '3.2.2' ],
305 silly audit   '@types/d3-ease': [ '3.0.2' ],
305 silly audit   '@types/d3-interpolate': [ '3.0.4' ],
305 silly audit   '@types/d3-scale': [ '4.0.9' ],
305 silly audit   '@types/d3-shape': [ '3.1.8' ],
305 silly audit   '@types/d3-time': [ '3.0.4' ],
305 silly audit   '@types/d3-timer': [ '3.0.2' ],
305 silly audit   'd3-shape': [ '3.2.0' ],
305 silly audit   '@types/d3-color': [ '3.1.3' ],
305 silly audit   '@types/d3-path': [ '3.1.1' ],
305 silly audit   'd3-path': [ '3.1.0' ]
305 silly audit }
306 http cache @types/d3-path@https://registry.npmjs.org/@types/d3-path/-/d3-path-3.1.1.tgz 0ms (cache hit)
307 http cache @types/d3-color@https://registry.npmjs.org/@types/d3-color/-/d3-color-3.1.3.tgz 0ms (cache hit)
308 http cache d3-path@https://registry.npmjs.org/d3-path/-/d3-path-3.1.0.tgz 0ms (cache hit)
309 http cache d3-shape@https://registry.npmjs.org/d3-shape/-/d3-shape-3.2.0.tgz 0ms (cache hit)
310 http cache @types/d3-timer@https://registry.npmjs.org/@types/d3-timer/-/d3-timer-3.0.2.tgz 0ms (cache hit)
311 http cache @types/d3-time@https://registry.npmjs.org/@types/d3-time/-/d3-time-3.0.4.tgz 0ms (cache hit)
312 http cache @types/d3-scale@https://registry.npmjs.org/@types/d3-scale/-/d3-scale-4.0.9.tgz 0ms (cache hit)
313 http cache @types/d3-shape@https://registry.npmjs.org/@types/d3-shape/-/d3-shape-3.1.8.tgz 0ms (cache hit)
314 http cache @types/d3-interpolate@https://registry.npmjs.org/@types/d3-interpolate/-/d3-interpolate-3.0.4.tgz 0ms (cache hit)
315 http cache @types/d3-ease@https://registry.npmjs.org/@types/d3-ease/-/d3-ease-3.0.2.tgz 0ms (cache hit)
316 http cache commander@https://registry.npmjs.org/commander/-/commander-2.20.3.tgz 0ms (cache hit)
317 http cache @types/d3-array@https://registry.npmjs.org/@types/d3-array/-/d3-array-3.2.2.tgz 0ms (cache hit)
318 http cache @types/use-sync-external-store@https://registry.npmjs.org/@types/use-sync-external-store/-/use-sync-external-store-0.0.6.tgz 0ms (cache hit)
319 http cache redux-thunk@https://registry.npmjs.org/redux-thunk/-/redux-thunk-3.1.0.tgz 0ms (cache hit)
320 http cache redux@https://registry.npmjs.org/redux/-/redux-5.0.1.tgz 0ms (cache hit)
321 http cache @standard-schema/utils@https://registry.npmjs.org/@standard-schema/utils/-/utils-0.3.0.tgz 0ms (cache hit)
322 http cache @standard-schema/spec@https://registry.npmjs.org/@standard-schema/spec/-/spec-1.1.0.tgz 0ms (cache hit)
323 http cache victory-vendor@https://registry.npmjs.org/victory-vendor/-/victory-vendor-37.3.6.tgz 0ms (cache hit)
324 http cache use-sync-external-store@https://registry.npmjs.org/use-sync-external-store/-/use-sync-external-store-1.6.0.tgz 1ms (cache hit)
325 http cache reselect@https://registry.npmjs.org/reselect/-/reselect-5.2.0.tgz 0ms (cache hit)
326 http cache tiny-invariant@https://registry.npmjs.org/tiny-invariant/-/tiny-invariant-1.3.3.tgz 0ms (cache hit)
327 http cache eventemitter3@https://registry.npmjs.org/eventemitter3/-/eventemitter3-5.0.4.tgz 0ms (cache hit)
328 http cache react-redux@https://registry.npmjs.org/react-redux/-/react-redux-9.3.0.tgz 0ms (cache hit)
329 http cache es-toolkit@https://registry.npmjs.org/es-toolkit/-/es-toolkit-1.48.1.tgz 0ms (cache hit)
330 http cache decimal.js-light@https://registry.npmjs.org/decimal.js-light/-/decimal.js-light-2.5.1.tgz 0ms (cache hit)
331 http cache clsx@https://registry.npmjs.org/clsx/-/clsx-2.1.1.tgz 0ms (cache hit)
332 http cache d3-timer@https://registry.npmjs.org/d3-timer/-/d3-timer-2.0.0.tgz 0ms (cache hit)
333 http cache d3-ease@https://registry.npmjs.org/d3-ease/-/d3-ease-2.0.0.tgz 0ms (cache hit)
334 http cache @reduxjs/toolkit@https://registry.npmjs.org/@reduxjs/toolkit/-/toolkit-2.12.0.tgz 0ms (cache hit)
335 http cache d3-drag@https://registry.npmjs.org/d3-drag/-/d3-drag-2.0.0.tgz 0ms (cache hit)
336 http cache immer@https://registry.npmjs.org/immer/-/immer-10.2.0.tgz 0ms (cache hit)
337 http cache d3-dispatch@https://registry.npmjs.org/d3-dispatch/-/d3-dispatch-2.0.0.tgz 0ms (cache hit)
338 http cache topojson-client@https://registry.npmjs.org/topojson-client/-/topojson-client-3.1.0.tgz 0ms (cache hit)
339 http cache d3-selection@https://registry.npmjs.org/d3-selection/-/d3-selection-2.0.0.tgz 0ms (cache hit)
340 http cache d3-transition@https://registry.npmjs.org/d3-transition/-/d3-transition-2.0.0.tgz 0ms (cache hit)
341 http cache d3-zoom@https://registry.npmjs.org/d3-zoom/-/d3-zoom-2.0.0.tgz 0ms (cache hit)
342 http cache d3-geo@https://registry.npmjs.org/d3-geo/-/d3-geo-2.0.2.tgz 0ms (cache hit)
343 http cache d3-color@https://registry.npmjs.org/d3-color/-/d3-color-3.1.0.tgz 0ms (cache hit)
344 http cache internmap@https://registry.npmjs.org/internmap/-/internmap-2.0.3.tgz 0ms (cache hit)
345 http cache d3-time-format@https://registry.npmjs.org/d3-time-format/-/d3-time-format-4.1.0.tgz 0ms (cache hit)
346 http cache d3-interpolate@https://registry.npmjs.org/d3-interpolate/-/d3-interpolate-3.0.1.tgz 0ms (cache hit)
347 http cache d3-format@https://registry.npmjs.org/d3-format/-/d3-format-3.1.2.tgz 0ms (cache hit)
348 http cache d3-array@https://registry.npmjs.org/d3-array/-/d3-array-3.2.4.tgz 0ms (cache hit)
349 http cache d3-time@https://registry.npmjs.org/d3-time/-/d3-time-3.1.0.tgz 0ms (cache hit)
350 http cache recharts@https://registry.npmjs.org/recharts/-/recharts-3.9.0.tgz 0ms (cache hit)
351 http cache d3-scale@https://registry.npmjs.org/d3-scale/-/d3-scale-4.0.2.tgz 0ms (cache hit)
352 http cache react-simple-maps@https://registry.npmjs.org/react-simple-maps/-/react-simple-maps-3.0.0.tgz 0ms (cache hit)
353 http cache d3-timer@https://registry.npmjs.org/d3-timer/-/d3-timer-3.0.1.tgz 0ms (cache hit)
354 http cache d3-ease@https://registry.npmjs.org/d3-ease/-/d3-ease-3.0.1.tgz 0ms (cache hit)
355 http cache immer@https://registry.npmjs.org/immer/-/immer-11.1.8.tgz 0ms (cache hit)
356 http cache d3-interpolate@https://registry.npmjs.org/d3-interpolate/-/d3-interpolate-2.0.1.tgz 0ms (cache hit)
357 http cache d3-color@https://registry.npmjs.org/d3-color/-/d3-color-2.0.0.tgz 0ms (cache hit)
358 http cache d3-color@https://registry.npmjs.org/d3-color/-/d3-color-2.0.0.tgz 0ms (cache hit)
359 http cache d3-interpolate@https://registry.npmjs.org/d3-interpolate/-/d3-interpolate-2.0.1.tgz 0ms (cache hit)
360 http cache internmap@https://registry.npmjs.org/internmap/-/internmap-1.0.1.tgz 0ms (cache hit)
361 http cache d3-array@https://registry.npmjs.org/d3-array/-/d3-array-2.12.1.tgz 0ms (cache hit)
362 silly tarball no local data for @types/d3-path@https://registry.npmjs.org/@types/d3-path/-/d3-path-3.1.1.tgz. Extracting by manifest.
363 silly tarball no local data for @types/d3-color@https://registry.npmjs.org/@types/d3-color/-/d3-color-3.1.3.tgz. Extracting by manifest.
364 silly tarball no local data for d3-path@https://registry.npmjs.org/d3-path/-/d3-path-3.1.0.tgz. Extracting by manifest.
365 silly tarball no local data for d3-shape@https://registry.npmjs.org/d3-shape/-/d3-shape-3.2.0.tgz. Extracting by manifest.
366 silly tarball no local data for @types/d3-scale@https://registry.npmjs.org/@types/d3-scale/-/d3-scale-4.0.9.tgz. Extracting by manifest.
367 silly tarball no local data for @types/d3-timer@https://registry.npmjs.org/@types/d3-timer/-/d3-timer-3.0.2.tgz. Extracting by manifest.
368 silly tarball no local data for @types/d3-shape@https://registry.npmjs.org/@types/d3-shape/-/d3-shape-3.1.8.tgz. Extracting by manifest.
369 silly tarball no local data for @types/d3-interpolate@https://registry.npmjs.org/@types/d3-interpolate/-/d3-interpolate-3.0.4.tgz. Extracting by manifest.
370 silly tarball no local data for @types/d3-time@https://registry.npmjs.org/@types/d3-time/-/d3-time-3.0.4.tgz. Extracting by manifest.
371 silly tarball no local data for @types/d3-ease@https://registry.npmjs.org/@types/d3-ease/-/d3-ease-3.0.2.tgz. Extracting by manifest.
372 silly tarball no local data for @types/d3-array@https://registry.npmjs.org/@types/d3-array/-/d3-array-3.2.2.tgz. Extracting by manifest.
373 silly tarball no local data for commander@https://registry.npmjs.org/commander/-/commander-2.20.3.tgz. Extracting by manifest.
374 silly tarball no local data for @types/use-sync-external-store@https://registry.npmjs.org/@types/use-sync-external-store/-/use-sync-external-store-0.0.6.tgz. Extracting by manifest.
375 silly tarball no local data for redux-thunk@https://registry.npmjs.org/redux-thunk/-/redux-thunk-3.1.0.tgz. Extracting by manifest.
376 silly tarball no local data for redux@https://registry.npmjs.org/redux/-/redux-5.0.1.tgz. Extracting by manifest.
377 silly tarball no local data for @standard-schema/utils@https://registry.npmjs.org/@standard-schema/utils/-/utils-0.3.0.tgz. Extracting by manifest.
378 silly tarball no local data for @standard-schema/spec@https://registry.npmjs.org/@standard-schema/spec/-/spec-1.1.0.tgz. Extracting by manifest.
379 silly tarball no local data for victory-vendor@https://registry.npmjs.org/victory-vendor/-/victory-vendor-37.3.6.tgz. Extracting by manifest.
380 silly tarball no local data for use-sync-external-store@https://registry.npmjs.org/use-sync-external-store/-/use-sync-external-store-1.6.0.tgz. Extracting by manifest.
381 silly tarball no local data for reselect@https://registry.npmjs.org/reselect/-/reselect-5.2.0.tgz. Extracting by manifest.
382 silly tarball no local data for tiny-invariant@https://registry.npmjs.org/tiny-invariant/-/tiny-invariant-1.3.3.tgz. Extracting by manifest.
383 silly tarball no local data for eventemitter3@https://registry.npmjs.org/eventemitter3/-/eventemitter3-5.0.4.tgz. Extracting by manifest.
384 silly tarball no local data for react-redux@https://registry.npmjs.org/react-redux/-/react-redux-9.3.0.tgz. Extracting by manifest.
385 silly tarball no local data for decimal.js-light@https://registry.npmjs.org/decimal.js-light/-/decimal.js-light-2.5.1.tgz. Extracting by manifest.
386 silly tarball no local data for clsx@https://registry.npmjs.org/clsx/-/clsx-2.1.1.tgz. Extracting by manifest.
387 silly tarball no local data for es-toolkit@https://registry.npmjs.org/es-toolkit/-/es-toolkit-1.48.1.tgz. Extracting by manifest.
388 silly tarball no local data for d3-timer@https://registry.npmjs.org/d3-timer/-/d3-timer-2.0.0.tgz. Extracting by manifest.
389 silly tarball no local data for d3-ease@https://registry.npmjs.org/d3-ease/-/d3-ease-2.0.0.tgz. Extracting by manifest.
390 silly tarball no local data for @reduxjs/toolkit@https://registry.npmjs.org/@reduxjs/toolkit/-/toolkit-2.12.0.tgz. Extracting by manifest.
391 silly tarball no local data for d3-drag@https://registry.npmjs.org/d3-drag/-/d3-drag-2.0.0.tgz. Extracting by manifest.
392 silly tarball no local data for immer@https://registry.npmjs.org/immer/-/immer-10.2.0.tgz. Extracting by manifest.
393 silly tarball no local data for d3-dispatch@https://registry.npmjs.org/d3-dispatch/-/d3-dispatch-2.0.0.tgz. Extracting by manifest.
394 silly tarball no local data for topojson-client@https://registry.npmjs.org/topojson-client/-/topojson-client-3.1.0.tgz. Extracting by manifest.
395 silly tarball no local data for d3-selection@https://registry.npmjs.org/d3-selection/-/d3-selection-2.0.0.tgz. Extracting by manifest.
396 silly tarball no local data for d3-zoom@https://registry.npmjs.org/d3-zoom/-/d3-zoom-2.0.0.tgz. Extracting by manifest.
397 silly tarball no local data for d3-transition@https://registry.npmjs.org/d3-transition/-/d3-transition-2.0.0.tgz. Extracting by manifest.
398 silly tarball no local data for d3-geo@https://registry.npmjs.org/d3-geo/-/d3-geo-2.0.2.tgz. Extracting by manifest.
399 silly tarball no local data for d3-color@https://registry.npmjs.org/d3-color/-/d3-color-3.1.0.tgz. Extracting by manifest.
400 silly tarball no local data for internmap@https://registry.npmjs.org/internmap/-/internmap-2.0.3.tgz. Extracting by manifest.
401 silly tarball no local data for d3-time-format@https://registry.npmjs.org/d3-time-format/-/d3-time-format-4.1.0.tgz. Extracting by manifest.
402 silly tarball no local data for d3-interpolate@https://registry.npmjs.org/d3-interpolate/-/d3-interpolate-3.0.1.tgz. Extracting by manifest.
403 silly tarball no local data for d3-format@https://registry.npmjs.org/d3-format/-/d3-format-3.1.2.tgz. Extracting by manifest.
404 silly tarball no local data for d3-array@https://registry.npmjs.org/d3-array/-/d3-array-3.2.4.tgz. Extracting by manifest.
405 silly tarball no local data for d3-time@https://registry.npmjs.org/d3-time/-/d3-time-3.1.0.tgz. Extracting by manifest.
406 silly tarball no local data for recharts@https://registry.npmjs.org/recharts/-/recharts-3.9.0.tgz. Extracting by manifest.
407 silly tarball no local data for d3-scale@https://registry.npmjs.org/d3-scale/-/d3-scale-4.0.2.tgz. Extracting by manifest.
408 silly tarball no local data for react-simple-maps@https://registry.npmjs.org/react-simple-maps/-/react-simple-maps-3.0.0.tgz. Extracting by manifest.
409 silly tarball no local data for d3-timer@https://registry.npmjs.org/d3-timer/-/d3-timer-3.0.1.tgz. Extracting by manifest.
410 silly tarball no local data for d3-ease@https://registry.npmjs.org/d3-ease/-/d3-ease-3.0.1.tgz. Extracting by manifest.
411 silly tarball no local data for immer@https://registry.npmjs.org/immer/-/immer-11.1.8.tgz. Extracting by manifest.
412 silly tarball no local data for d3-interpolate@https://registry.npmjs.org/d3-interpolate/-/d3-interpolate-2.0.1.tgz. Extracting by manifest.
413 silly tarball no local data for d3-interpolate@https://registry.npmjs.org/d3-interpolate/-/d3-interpolate-2.0.1.tgz. Extracting by manifest.
414 silly tarball no local data for d3-color@https://registry.npmjs.org/d3-color/-/d3-color-2.0.0.tgz. Extracting by manifest.
415 silly tarball no local data for d3-color@https://registry.npmjs.org/d3-color/-/d3-color-2.0.0.tgz. Extracting by manifest.
416 silly tarball no local data for internmap@https://registry.npmjs.org/internmap/-/internmap-1.0.1.tgz. Extracting by manifest.
417 silly tarball no local data for d3-array@https://registry.npmjs.org/d3-array/-/d3-array-2.12.1.tgz. Extracting by manifest.
418 http fetch GET 200 https://registry.npmjs.org/d3-path/-/d3-path-3.1.0.tgz 61ms (cache miss)
419 http fetch GET 200 https://registry.npmjs.org/@types/d3-timer/-/d3-timer-3.0.2.tgz 61ms (cache miss)
420 http fetch GET 200 https://registry.npmjs.org/@types/d3-path/-/d3-path-3.1.1.tgz 63ms (cache miss)
421 http fetch GET 200 https://registry.npmjs.org/@types/d3-interpolate/-/d3-interpolate-3.0.4.tgz 73ms (cache miss)
422 http fetch GET 200 https://registry.npmjs.org/@types/d3-shape/-/d3-shape-3.1.8.tgz 74ms (cache miss)
423 http fetch GET 200 https://registry.npmjs.org/d3-shape/-/d3-shape-3.2.0.tgz 76ms (cache miss)
424 http fetch GET 200 https://registry.npmjs.org/redux/-/redux-5.0.1.tgz 98ms (cache miss)
425 http fetch GET 200 https://registry.npmjs.org/@standard-schema/spec/-/spec-1.1.0.tgz 110ms (cache miss)
426 http fetch GET 200 https://registry.npmjs.org/use-sync-external-store/-/use-sync-external-store-1.6.0.tgz 110ms (cache miss)
427 http fetch POST 200 https://registry.npmjs.org/-/npm/v1/security/advisories/bulk 121ms
428 silly audit report {
428 silly audit report   joi: [
428 silly audit report     {
428 silly audit report       id: 1120656,
428 silly audit report       url: 'https://github.com/advisories/GHSA-q7cg-457f-vx79',
428 silly audit report       title: 'joi has an uncaught RangeError on deeply nested input through recursive `link()` schemas',
428 silly audit report       severity: 'moderate',
428 silly audit report       vulnerable_versions: '<17.13.4',
428 silly audit report       cwe: [Array],
428 silly audit report       cvss: [Object]
428 silly audit report     }
428 silly audit report   ],
428 silly audit report   postcss: [
428 silly audit report     {
428 silly audit report       id: 1117015,
428 silly audit report       url: 'https://github.com/advisories/GHSA-qx2v-qp2m-jg93',
428 silly audit report       title: 'PostCSS has XSS via Unescaped </style> in its CSS Stringify Output',
428 silly audit report       severity: 'moderate',
428 silly audit report       vulnerable_versions: '<8.5.10',
428 silly audit report       cwe: [Array],
428 silly audit report       cvss: [Object]
428 silly audit report     }
428 silly audit report   ],
428 silly audit report   'd3-color': [
428 silly audit report     {
428 silly audit report       id: 1088594,
428 silly audit report       url: 'https://github.com/advisories/GHSA-36jr-mh4h-2g58',
428 silly audit report       title: 'd3-color vulnerable to ReDoS',
428 silly audit report       severity: 'high',
428 silly audit report       vulnerable_versions: '<3.1.0',
428 silly audit report       cwe: [Array],
428 silly audit report       cvss: [Object]
428 silly audit report     }
428 silly audit report   ]
428 silly audit report }
429 silly packumentCache corgi:https://registry.npmjs.org/joi cache-miss
430 silly packumentCache corgi:https://registry.npmjs.org/postcss cache-miss
431 silly packumentCache corgi:https://registry.npmjs.org/d3-color cache-miss
432 http fetch GET 200 https://registry.npmjs.org/@types/d3-color/-/d3-color-3.1.3.tgz 134ms (cache miss)
433 http fetch GET 200 https://registry.npmjs.org/@types/d3-scale/-/d3-scale-4.0.9.tgz 136ms (cache miss)
434 http fetch GET 200 https://registry.npmjs.org/tiny-invariant/-/tiny-invariant-1.3.3.tgz 135ms (cache miss)
435 http fetch GET 200 https://registry.npmjs.org/redux-thunk/-/redux-thunk-3.1.0.tgz 137ms (cache miss)
436 http fetch GET 200 https://registry.npmjs.org/eventemitter3/-/eventemitter3-5.0.4.tgz 141ms (cache miss)
437 http fetch GET 200 https://registry.npmjs.org/@types/use-sync-external-store/-/use-sync-external-store-0.0.6.tgz 148ms (cache miss)
438 http fetch GET 200 https://registry.npmjs.org/commander/-/commander-2.20.3.tgz 150ms (cache miss)
439 http fetch GET 200 https://registry.npmjs.org/reselect/-/reselect-5.2.0.tgz 149ms (cache miss)
440 http fetch GET 200 https://registry.npmjs.org/clsx/-/clsx-2.1.1.tgz 152ms (cache miss)
441 http fetch GET 200 https://registry.npmjs.org/decimal.js-light/-/decimal.js-light-2.5.1.tgz 158ms (cache miss)
442 http fetch GET 200 https://registry.npmjs.org/@types/d3-ease/-/d3-ease-3.0.2.tgz 171ms (cache miss)
443 http fetch GET 200 https://registry.npmjs.org/d3-timer/-/d3-timer-2.0.0.tgz 177ms (cache miss)
444 http fetch GET 200 https://registry.npmjs.org/react-redux/-/react-redux-9.3.0.tgz 180ms (cache miss)
445 http fetch GET 200 https://registry.npmjs.org/d3-ease/-/d3-ease-2.0.0.tgz 179ms (cache miss)
446 http fetch GET 200 https://registry.npmjs.org/@standard-schema/utils/-/utils-0.3.0.tgz 181ms (cache miss)
447 http fetch GET 200 https://registry.npmjs.org/d3-drag/-/d3-drag-2.0.0.tgz 180ms (cache miss)
448 http fetch GET 200 https://registry.npmjs.org/d3-dispatch/-/d3-dispatch-2.0.0.tgz 187ms (cache miss)
449 http fetch GET 200 https://registry.npmjs.org/victory-vendor/-/victory-vendor-37.3.6.tgz 190ms (cache miss)
450 http fetch GET 200 https://registry.npmjs.org/topojson-client/-/topojson-client-3.1.0.tgz 201ms (cache miss)
451 http fetch GET 200 https://registry.npmjs.org/d3-selection/-/d3-selection-2.0.0.tgz 208ms (cache miss)
452 http fetch GET 200 https://registry.npmjs.org/d3-zoom/-/d3-zoom-2.0.0.tgz 240ms (cache miss)
453 http fetch GET 200 https://registry.npmjs.org/internmap/-/internmap-2.0.3.tgz 242ms (cache miss)
454 http fetch GET 200 https://registry.npmjs.org/immer/-/immer-10.2.0.tgz 247ms (cache miss)
455 http fetch GET 200 https://registry.npmjs.org/@types/d3-time/-/d3-time-3.0.4.tgz 250ms (cache miss)
456 http fetch GET 200 https://registry.npmjs.org/@types/d3-array/-/d3-array-3.2.2.tgz 250ms (cache miss)
457 http fetch GET 200 https://registry.npmjs.org/d3-color/-/d3-color-3.1.0.tgz 248ms (cache miss)
458 http fetch GET 200 https://registry.npmjs.org/d3-time/-/d3-time-3.1.0.tgz 261ms (cache miss)
459 http fetch GET 200 https://registry.npmjs.org/d3-interpolate/-/d3-interpolate-3.0.1.tgz 273ms (cache miss)
460 http fetch GET 200 https://registry.npmjs.org/d3-time-format/-/d3-time-format-4.1.0.tgz 276ms (cache miss)
461 http fetch GET 200 https://registry.npmjs.org/d3-transition/-/d3-transition-2.0.0.tgz 279ms (cache miss)
462 http fetch GET 200 https://registry.npmjs.org/d3-timer/-/d3-timer-3.0.1.tgz 291ms (cache miss)
463 http fetch GET 200 https://registry.npmjs.org/d3-color/-/d3-color-2.0.0.tgz 294ms (cache miss)
464 http fetch GET 200 https://registry.npmjs.org/internmap/-/internmap-1.0.1.tgz 296ms (cache miss)
465 http fetch GET 200 https://registry.npmjs.org/react-simple-maps/-/react-simple-maps-3.0.0.tgz 301ms (cache miss)
466 http fetch GET 200 https://registry.npmjs.org/d3-format/-/d3-format-3.1.2.tgz 307ms (cache miss)
467 http fetch GET 200 https://registry.npmjs.org/joi 196ms (cache miss)
468 silly packumentCache corgi:https://registry.npmjs.org/joi set size:undefined disposed:false
469 http fetch GET 200 https://registry.npmjs.org/d3-array/-/d3-array-3.2.4.tgz 312ms (cache miss)
470 http fetch GET 200 https://registry.npmjs.org/d3-color/-/d3-color-2.0.0.tgz 310ms (cache miss)
471 http fetch GET 200 https://registry.npmjs.org/d3-geo/-/d3-geo-2.0.2.tgz 313ms (cache miss)
472 http fetch GET 200 https://registry.npmjs.org/d3-ease/-/d3-ease-3.0.1.tgz 315ms (cache miss)
473 http fetch GET 200 https://registry.npmjs.org/d3-scale/-/d3-scale-4.0.2.tgz 320ms (cache miss)
474 http fetch GET 200 https://registry.npmjs.org/d3-interpolate/-/d3-interpolate-2.0.1.tgz 321ms (cache miss)
475 http fetch GET 200 https://registry.npmjs.org/d3-interpolate/-/d3-interpolate-2.0.1.tgz 326ms (cache miss)
476 http fetch GET 200 https://registry.npmjs.org/postcss 219ms (cache miss)
477 silly packumentCache corgi:https://registry.npmjs.org/postcss set size:undefined disposed:false
478 http fetch GET 200 https://registry.npmjs.org/d3-array/-/d3-array-2.12.1.tgz 339ms (cache miss)
479 http fetch GET 200 https://registry.npmjs.org/immer/-/immer-11.1.8.tgz 359ms (cache miss)
480 http fetch GET 200 https://registry.npmjs.org/d3-color 274ms (cache miss)
481 silly packumentCache corgi:https://registry.npmjs.org/d3-color set size:undefined disposed:false
482 silly packumentCache corgi:https://registry.npmjs.org/passkit-generator cache-miss
483 http fetch GET 200 https://registry.npmjs.org/@reduxjs/toolkit/-/toolkit-2.12.0.tgz 395ms (cache miss)
484 http fetch GET 200 https://registry.npmjs.org/recharts/-/recharts-3.9.0.tgz 553ms (cache miss)
485 http fetch GET 200 https://registry.npmjs.org/passkit-generator 172ms (cache miss)
486 silly packumentCache corgi:https://registry.npmjs.org/passkit-generator set size:undefined disposed:false
487 silly packumentCache corgi:https://registry.npmjs.org/next cache-miss
488 http fetch GET 200 https://registry.npmjs.org/es-toolkit/-/es-toolkit-1.48.1.tgz 835ms (cache miss)
489 http fetch GET 200 https://registry.npmjs.org/next 399ms (cache miss)
490 silly packumentCache corgi:https://registry.npmjs.org/next set size:undefined disposed:false
491 silly packumentCache corgi:https://registry.npmjs.org/d3-transition cache-miss
492 silly packumentCache corgi:https://registry.npmjs.org/d3-interpolate cache-miss
493 http fetch GET 200 https://registry.npmjs.org/d3-interpolate 38ms (cache miss)
494 silly packumentCache corgi:https://registry.npmjs.org/d3-interpolate set size:undefined disposed:false
495 http fetch GET 200 https://registry.npmjs.org/d3-transition 133ms (cache miss)
496 silly packumentCache corgi:https://registry.npmjs.org/d3-transition set size:undefined disposed:false
497 silly packumentCache corgi:https://registry.npmjs.org/d3-zoom cache-miss
498 http fetch GET 200 https://registry.npmjs.org/d3-zoom 101ms (cache miss)
499 silly packumentCache corgi:https://registry.npmjs.org/d3-zoom set size:undefined disposed:false
500 silly packumentCache corgi:https://registry.npmjs.org/react-simple-maps cache-miss
501 http fetch GET 200 https://registry.npmjs.org/react-simple-maps 116ms (cache miss)
502 silly packumentCache corgi:https://registry.npmjs.org/react-simple-maps set size:undefined disposed:false
503 silly ADD node_modules/d3-path
504 silly ADD node_modules/@types/d3-path
505 silly ADD node_modules/@types/d3-color
506 silly ADD node_modules/d3-shape
507 silly ADD node_modules/@types/d3-timer
508 silly ADD node_modules/@types/d3-time
509 silly ADD node_modules/@types/d3-shape
510 silly ADD node_modules/@types/d3-scale
511 silly ADD node_modules/@types/d3-interpolate
512 silly ADD node_modules/@types/d3-ease
513 silly ADD node_modules/@types/d3-array
514 silly ADD node_modules/commander
515 silly ADD node_modules/@types/use-sync-external-store
516 silly ADD node_modules/redux-thunk
517 silly ADD node_modules/redux
518 silly ADD node_modules/@standard-schema/utils
519 silly ADD node_modules/@standard-schema/spec
520 silly ADD node_modules/victory-vendor
521 silly ADD node_modules/victory-vendor/node_modules/d3-timer
522 silly ADD node_modules/victory-vendor/node_modules/d3-ease
523 silly ADD node_modules/use-sync-external-store
524 silly ADD node_modules/tiny-invariant
525 silly ADD node_modules/reselect
526 silly ADD node_modules/react-redux
527 silly ADD node_modules/immer
528 silly ADD node_modules/eventemitter3
529 silly ADD node_modules/es-toolkit
530 silly ADD node_modules/decimal.js-light
531 silly ADD node_modules/clsx
532 silly ADD node_modules/@reduxjs/toolkit
533 silly ADD node_modules/@reduxjs/toolkit/node_modules/immer
534 silly ADD node_modules/d3-timer
535 silly ADD node_modules/d3-ease
536 silly ADD node_modules/d3-transition
537 silly ADD node_modules/d3-transition/node_modules/d3-interpolate
538 silly ADD node_modules/d3-transition/node_modules/d3-color
539 silly ADD node_modules/d3-drag
540 silly ADD node_modules/d3-dispatch
541 silly ADD node_modules/topojson-client
542 silly ADD node_modules/d3-zoom
543 silly ADD node_modules/d3-zoom/node_modules/d3-color
544 silly ADD node_modules/d3-zoom/node_modules/d3-interpolate
545 silly ADD node_modules/d3-selection
546 silly ADD node_modules/d3-geo
547 silly ADD node_modules/d3-geo/node_modules/internmap
548 silly ADD node_modules/d3-geo/node_modules/d3-array
549 silly ADD node_modules/d3-color
550 silly ADD node_modules/internmap
551 silly ADD node_modules/d3-time-format
552 silly ADD node_modules/d3-time
553 silly ADD node_modules/d3-interpolate
554 silly ADD node_modules/d3-format
555 silly ADD node_modules/d3-array
556 silly ADD node_modules/recharts
557 silly ADD node_modules/react-simple-maps
558 silly ADD node_modules/d3-scale
559 verbose cwd /Users/zach/Documents/GitHub/clutch-qr-system
560 verbose os Darwin 24.1.0
561 verbose node v24.16.0
562 verbose npm  v11.13.0
563 verbose exit 0
564 info ok
