0 verbose cli /usr/local/bin/node /usr/local/lib/node_modules/npm/bin/npm-cli.js
1 info using npm@11.13.0
2 info using node@v24.16.0
3 silly config load:file:/usr/local/lib/node_modules/npm/npmrc
4 silly config load:file:/Users/zach/Documents/GitHub/clutch-qr-system/.npmrc
5 silly config load:file:/Users/zach/.npmrc
6 silly config load:file:/usr/local/etc/npmrc
7 verbose title npm exec vercel@54.15.1 inspect clutch-qr-system-1k9f-gtcxctb3l-fiyacybers-projects.vercel.app
8 verbose argv "exec" "--yes" "--" "vercel@54.15.1" "inspect" "clutch-qr-system-1k9f-gtcxctb3l-fiyacybers-projects.vercel.app"
9 verbose logfile logs-max:10 dir:/Users/zach/Documents/GitHub/clutch-qr-system/.npm-tmp-cache/_logs/2026-06-24T01_43_44_443Z-
10 verbose logfile /Users/zach/Documents/GitHub/clutch-qr-system/.npm-tmp-cache/_logs/2026-06-24T01_43_44_443Z-debug-0.log
11 silly logfile done cleaning log files
12 silly packumentCache heap:4496293888 maxSize:1124073472 maxEntrySize:562036736
13 verbose shrinkwrap failed to load node_modules/.package-lock.json out of date, updated: node_modules
14 http fetch GET 200 https://registry.npmjs.org/vercel 231ms (cache revalidated)
15 silly packumentCache heap:4496293888 maxSize:1124073472 maxEntrySize:562036736
16 silly packumentCache heap:4496293888 maxSize:1124073472 maxEntrySize:562036736
17 verbose cwd /Users/zach/Documents/GitHub/clutch-qr-system
18 verbose os Darwin 24.1.0
19 verbose node v24.16.0
20 verbose npm  v11.13.0
21 verbose exit 0
22 info ok
